<?xml version="1.0" encoding="UTF-8"?>
<!-- Generated by org.testng.reporters.JUnitXMLReporter -->
<testsuite ignored="0" hostname="Kalaiselvans-MacBook-Air.local" failures="0" tests="4" name="Default test" time="29.4" errors="0" timestamp="2024-11-18T17:11:45 IST">
  <testcase classname="DataProviderandParameters.DataDrivenTest" name="LoginTest" time="8.73"/>
  <testcase classname="DataProviderandParameters.DataDrivenTest" name="LoginTest" time="6.3"/>
  <testcase classname="DataProviderandParameters.DataDrivenTest" name="LoginTest" time="6.832"/>
  <testcase classname="DataProviderandParameters.DataDrivenTest" name="LoginTest" time="6.354"/>
</testsuite> <!-- Default test -->
