<?xml version="1.0" encoding="UTF-8"?>
<!-- Generated by org.testng.reporters.JUnitXMLReporter -->
<testsuite ignored="0" hostname="Kalaiselvans-MacBook-Air.local" failures="0" tests="3" name="chromeTest" time="4.557" errors="0" timestamp="2024-11-15T17:08:32 IST">
  <testcase classname="DataProviderandParameters.Parameters" name="testTitle" time="0.009"/>
  <testcase classname="DataProviderandParameters.Parameters" name="testUrl" time="0.003"/>
  <testcase classname="DataProviderandParameters.Parameters" name="testLogo" time="0.372"/>
</testsuite> <!-- chromeTest -->
