<?xml version="1.0" encoding="UTF-8"?>
<!-- Generated by org.testng.reporters.JUnitXMLReporter -->
<testsuite ignored="0" hostname="Kalaiselvans-MacBook-Air.local" failures="0" tests="3" name="safariTest" time="15.331" errors="0" timestamp="2024-11-15T17:08:43 IST">
  <testcase classname="DataProviderandParameters.Parameters" name="testTitle" time="0.016"/>
  <testcase classname="DataProviderandParameters.Parameters" name="testUrl" time="0.005"/>
  <testcase classname="DataProviderandParameters.Parameters" name="testLogo" time="0.976"/>
</testsuite> <!-- safariTest -->
