<?xml version="1.0" encoding="UTF-8"?>
<!-- Generated by org.testng.reporters.JUnitXMLReporter -->
<testsuite ignored="0" hostname="Kalaiselvans-MacBook-Air.local" failures="0" tests="8" name="SeleniumProjects" time="5.056" errors="0" timestamp="2024-11-03T12:17:30 IST">
  <testcase classname="SeleniumTests.GroupingExample" name="Apple1" time="0.003"/>
  <testcase classname="SeleniumTests.GroupingExample" name="Apple2" time="0.003"/>
  <testcase classname="SeleniumTests.GroupingExample" name="OnePlus1" time="0.0"/>
  <testcase classname="SeleniumTests.GroupingExample" name="OnePlus2" time="0.001"/>
  <testcase classname="SeleniumTests.GroupingExample" name="Samsung1" time="0.001"/>
  <testcase classname="SeleniumTests.GroupingExample" name="Samsung2" time="0.001"/>
  <testcase classname="SeleniumTests.ParallelTesting" name="openGoogle" time="3.628"/>
  <testcase classname="SeleniumTests.ParallelTesting" name="openYahoo" time="5.031"/>
</testsuite> <!-- SeleniumProjects -->
