<?xml version="1.0" encoding="UTF-8"?>
<testng-results ignored="0" total="4" passed="4" failed="0" skipped="0">
  <reporter-output>
  </reporter-output>
  <suite started-at="2024-11-18T17:11:15 IST" name="Default suite" finished-at="2024-11-18T17:11:45 IST" duration-ms="29400">
    <groups>
    </groups>
    <test started-at="2024-11-18T17:11:15 IST" name="Default test" finished-at="2024-11-18T17:11:45 IST" duration-ms="29400">
      <class name="DataProviderandParameters.DataDrivenTest">
        <test-method signature="LoginTest(java.lang.String,java.lang.String)[pri:0, instance:DataProviderandParameters.DataDrivenTest@366ac49b]" started-at="2024-11-18T17:11:16 IST" name="LoginTest" data-provider="loginData" finished-at="2024-11-18T17:11:25 IST" duration-ms="8730" status="PASS">
          <params>
            <param index="0">
              <value>
                <![CDATA[Admin]]>
              </value>
            </param>
            <param index="1">
              <value>
                <![CDATA[admin123]]>
              </value>
            </param>
          </params>
          <reporter-output>
          </reporter-output>
        </test-method> <!-- LoginTest -->
        <test-method signature="LoginTest(java.lang.String,java.lang.String)[pri:0, instance:DataProviderandParameters.DataDrivenTest@366ac49b]" started-at="2024-11-18T17:11:25 IST" name="LoginTest" data-provider="loginData" finished-at="2024-11-18T17:11:31 IST" duration-ms="6300" status="PASS">
          <params>
            <param index="0">
              <value>
                <![CDATA[Admin]]>
              </value>
            </param>
            <param index="1">
              <value>
                <![CDATA[admin1244]]>
              </value>
            </param>
          </params>
          <reporter-output>
          </reporter-output>
        </test-method> <!-- LoginTest -->
        <test-method signature="LoginTest(java.lang.String,java.lang.String)[pri:0, instance:DataProviderandParameters.DataDrivenTest@366ac49b]" started-at="2024-11-18T17:11:31 IST" name="LoginTest" data-provider="loginData" finished-at="2024-11-18T17:11:38 IST" duration-ms="6832" status="PASS">
          <params>
            <param index="0">
              <value>
                <![CDATA[admin123]]>
              </value>
            </param>
            <param index="1">
              <value>
                <![CDATA[admin123]]>
              </value>
            </param>
          </params>
          <reporter-output>
          </reporter-output>
        </test-method> <!-- LoginTest -->
        <test-method signature="LoginTest(java.lang.String,java.lang.String)[pri:0, instance:DataProviderandParameters.DataDrivenTest@366ac49b]" started-at="2024-11-18T17:11:38 IST" name="LoginTest" data-provider="loginData" finished-at="2024-11-18T17:11:45 IST" duration-ms="6354" status="PASS">
          <params>
            <param index="0">
              <value>
                <![CDATA[admin1234]]>
              </value>
            </param>
            <param index="1">
              <value>
                <![CDATA[admin1234]]>
              </value>
            </param>
          </params>
          <reporter-output>
          </reporter-output>
        </test-method> <!-- LoginTest -->
        <test-method is-config="true" signature="tearDown()[pri:0, instance:DataProviderandParameters.DataDrivenTest@366ac49b]" started-at="2024-11-18T17:11:45 IST" name="tearDown" finished-at="2024-11-18T17:11:45 IST" duration-ms="106" status="PASS">
          <reporter-output>
          </reporter-output>
        </test-method> <!-- tearDown -->
      </class> <!-- DataProviderandParameters.DataDrivenTest -->
    </test> <!-- Default test -->
  </suite> <!-- Default suite -->
</testng-results>
